<?xml version="1.0" encoding="UTF-8"?>
<testsuite xmlns:xsi="http://www.w3.org/2001/XMLSchema-instance" xsi:noNamespaceSchemaLocation="https://maven.apache.org/surefire/maven-surefire-plugin/xsd/surefire-test-report.xsd" version="3.0.2" name="com.neowallet.processor.infrastructure.adapter.in.web.ProcessorControllerTest" time="3.186" tests="6" errors="0" skipped="0" failures="0">
  <properties>
[...]
</properties>
  <testcase name="transfer_400_selfTransfer" classname="com.neowallet.processor.infrastructure.adapter.in.web.ProcessorControllerTest" time="0.228">
    <system-out><![CDATA[14:08:09.405 [main] INFO org.springframework.test.context.support.AnnotationConfigContextLoaderUtils -- Could not detect default configuration classes for test class [com.neowallet.processor.infrastructure.adapter.in.web.ProcessorControllerTest]: ProcessorControllerTest does not declare any static, non-private, non-final, nested classes annotated with @Configuration.
14:08:09.633 [main] INFO org.springframework.boot.test.context.SpringBootTestContextBootstrapper -- Found @SpringBootConfiguration com.neowallet.processor.ProcessorServiceApplication for test class com.neowallet.processor.infrastructure.adapter.in.web.ProcessorControllerTest

  .   ____          _            __ _ _
 /\\ / ___'_ __ _ _(_)_ __  __ _ \ \ \ \
( ( )\___ | '_ | '_| | '_ \/ _` | \ \ \ \
 \\/  ___)| |_)| | | | | || (_| |  ) ) ) )
  '  |____| .__|_| |_|_| |_\__, | / / / /
 =========|_|==============|___/=/_/_/_/

 :: Spring Boot ::                (v3.5.0)

2026-06-23T14:08:10.107-06:00  INFO 21896 --- [           main] c.n.p.i.a.i.web.ProcessorControllerTest  : Starting ProcessorControllerTest using Java 21.0.8 with PID 21896 (started by Juan Carlos in C:\Desarrollo\Hackaton\IBMHackathon2026\neowallet\processor-service)
2026-06-23T14:08:10.108-06:00 DEBUG 21896 --- [           main] c.n.p.i.a.i.web.ProcessorControllerTest  : Running with Spring Boot v3.5.0, Spring v6.2.7
2026-06-23T14:08:10.108-06:00  INFO 21896 --- [           main] c.n.p.i.a.i.web.ProcessorControllerTest  : No active profile set, falling back to 1 default profile: "default"
2026-06-23T14:08:11.898-06:00  WARN 21896 --- [           main] .s.s.UserDetailsServiceAutoConfiguration : 

Using generated security password: 17f947a0-af94-42fd-b31e-e1e87953fdc6

This generated password is for development use only. Your security configuration must be updated before running your application in production.

2026-06-23T14:08:11.917-06:00  INFO 21896 --- [           main] r$InitializeUserDetailsManagerConfigurer : Global AuthenticationManager configured with UserDetailsService bean with name inMemoryUserDetailsManager
2026-06-23T14:08:12.118-06:00  INFO 21896 --- [           main] o.s.b.t.m.w.SpringBootMockServletContext : Initializing Spring TestDispatcherServlet ''
2026-06-23T14:08:12.119-06:00  INFO 21896 --- [           main] o.s.t.web.servlet.TestDispatcherServlet  : Initializing Servlet ''
2026-06-23T14:08:12.120-06:00  INFO 21896 --- [           main] o.s.t.web.servlet.TestDispatcherServlet  : Completed initialization in 1 ms
2026-06-23T14:08:12.147-06:00  INFO 21896 --- [           main] c.n.p.i.a.i.web.ProcessorControllerTest  : Started ProcessorControllerTest in 2.461 seconds (process running for 4.828)
2026-06-23T14:08:12.342-06:00  WARN 21896 --- [           main] c.n.p.i.e.GlobalExceptionHandler         : Validación de transferencia fallida [self_transfer_not_allowed]: No permitido
]]></system-out>
  </testcase>
  <testcase name="getTransactions_200" classname="com.neowallet.processor.infrastructure.adapter.in.web.ProcessorControllerTest" time="0.033"/>
  <testcase name="transfer_200_success" classname="com.neowallet.processor.infrastructure.adapter.in.web.ProcessorControllerTest" time="0.015"/>
  <testcase name="transfer_404_userNotFound" classname="com.neowallet.processor.infrastructure.adapter.in.web.ProcessorControllerTest" time="0.009">
    <system-out><![CDATA[2026-06-23T14:08:12.446-06:00  WARN 21896 --- [           main] c.n.p.i.e.GlobalExceptionHandler         : Validación de transferencia fallida [user_not_found]: Usuario no encontrado
]]></system-out>
  </testcase>
  <testcase name="transfer_400_zeroAmount" classname="com.neowallet.processor.infrastructure.adapter.in.web.ProcessorControllerTest" time="0.015"/>
  <testcase name="transfer_401_noAuth" classname="com.neowallet.processor.infrastructure.adapter.in.web.ProcessorControllerTest" time="0.008"/>
</testsuite>