TN:
SF:apps\accounts-service\src\accounts.controller.ts
FN:25,(anonymous_4)
FN:30,(anonymous_5)
FN:44,(anonymous_6)
FN:54,(anonymous_7)
FN:74,(anonymous_8)
FNF:5
FNH:5
FNDA:10,(anonymous_4)
FNDA:1,(anonymous_5)
FNDA:2,(anonymous_6)
FNDA:4,(anonymous_7)
FNDA:3,(anonymous_8)
DA:1,1
DA:12,1
DA:18,1
DA:19,1
DA:20,1
DA:24,1
DA:25,10
DA:30,1
DA:31,1
DA:44,1
DA:45,2
DA:54,1
DA:55,4
DA:56,2
DA:61,2
DA:74,1
DA:75,3
LF:17
LH:17
BRDA:55,0,0,2
BRF:1
BRH:1
end_of_record
TN:
SF:apps\accounts-service\src\accounts.service.ts
FN:18,(anonymous_4)
FN:24,(anonymous_5)
FN:37,(anonymous_6)
FN:92,(anonymous_7)
FNF:4
FNH:4
FNDA:15,(anonymous_4)
FNDA:2,(anonymous_5)
FNDA:6,(anonymous_6)
FNDA:7,(anonymous_7)
DA:1,2
DA:8,2
DA:9,2
DA:10,2
DA:15,2
DA:16,15
DA:20,15
DA:21,15
DA:25,2
DA:27,2
DA:28,1
DA:34,1
DA:40,6
DA:42,6
DA:43,2
DA:49,4
DA:50,4
DA:51,4
DA:53,4
DA:54,4
DA:59,4
DA:60,1
DA:69,3
DA:70,3
DA:72,3
DA:73,2
DA:75,2
DA:79,2
DA:85,2
DA:86,2
DA:88,4
DA:95,7
DA:97,7
DA:98,7
DA:99,7
DA:101,7
DA:103,7
DA:108,7
DA:109,1
DA:118,6
DA:120,6
DA:121,3
DA:122,1
DA:130,2
DA:132,3
DA:135,5
DA:136,4
DA:138,4
DA:142,4
DA:148,3
DA:149,3
DA:151,7
LF:52
LH:52
BRDA:27,0,0,1
BRDA:42,1,0,2
BRDA:59,2,0,1
BRDA:108,3,0,1
BRDA:120,4,0,3
BRDA:120,4,1,3
BRDA:121,5,0,1
BRF:7
BRH:7
end_of_record
TN:
SF:apps\processor-service\src\processor.controller.ts
FN:23,(anonymous_4)
FN:28,(anonymous_5)
FN:67,(anonymous_6)
FN:82,(anonymous_7)
FNF:4
FNH:4
FNDA:7,(anonymous_4)
FNDA:1,(anonymous_5)
FNDA:4,(anonymous_6)
FNDA:2,(anonymous_7)
DA:1,1
DA:11,1
DA:17,1
DA:18,1
DA:22,1
DA:23,7
DA:28,1
DA:29,1
DA:67,1
DA:68,4
DA:82,1
DA:85,2
LF:12
LH:12
BRF:0
BRH:0
end_of_record
TN:
SF:apps\processor-service\src\processor.service.ts
FN:14,(anonymous_4)
FN:24,(anonymous_5)
FN:53,(anonymous_6)
FN:202,(anonymous_7)
FN:210,(anonymous_8)
FNF:5
FNH:5
FNDA:16,(anonymous_4)
FNDA:18,(anonymous_5)
FNDA:11,(anonymous_6)
FNDA:5,(anonymous_7)
FNDA:4,(anonymous_8)
DA:1,2
DA:2,2
DA:3,2
DA:4,2
DA:5,2
DA:6,2
DA:10,2
DA:11,16
DA:16,16
DA:17,16
DA:19,16
DA:29,18
DA:30,18
DA:37,8
DA:38,7
DA:43,1
DA:61,11
DA:63,11
DA:64,1
DA:73,10
DA:74,2
DA:81,8
DA:87,8
DA:89,8
DA:94,8
DA:95,8
DA:98,2
DA:102,2
DA:107,2
DA:111,2
DA:115,6
DA:119,6
DA:124,6
DA:125,6
DA:128,4
DA:132,4
DA:137,4
DA:138,4
DA:140,2
DA:145,2
DA:151,2
DA:153,2
DA:158,2
DA:160,2
DA:171,2
DA:184,2
DA:188,2
DA:192,2
DA:205,5
DA:210,5
LF:50
LH:50
BRDA:20,0,0,16
BRDA:20,0,1,16
BRDA:37,1,0,7
BRDA:39,2,0,7
BRDA:39,2,1,0
BRDA:40,3,0,7
BRDA:40,3,1,0
BRDA:63,4,0,1
BRDA:73,5,0,2
BRDA:98,6,0,2
BRDA:98,6,1,0
BRDA:98,6,2,0
BRDA:128,7,0,4
BRDA:128,7,1,1
BRDA:128,7,2,0
BRDA:212,8,0,2
BRDA:212,8,1,2
BRF:17
BRH:12
end_of_record
